\BOOKMARK [1][-]{section.1}{Einf\374hrung \(Vorlesung 1 am 17.10.\)}{}% 1
\BOOKMARK [2][-]{subsection.1.1}{Organisatorisches}{section.1}% 2
\BOOKMARK [2][-]{subsection.1.2}{Kuchen teilen}{section.1}% 3
\BOOKMARK [3][-]{subsubsection.1.2.1}{1. Algorithmus \(f\374r 2 Personen\)}{subsection.1.2}% 4
\BOOKMARK [3][-]{subsubsection.1.2.2}{2. Algorithmus \(f\374r 3 Personen\)}{subsection.1.2}% 5
\BOOKMARK [3][-]{subsubsection.1.2.3}{3. Teilen und Trimmen}{subsection.1.2}% 6
\BOOKMARK [3][-]{subsubsection.1.2.4}{4. Teilen mit bewegtem Messer}{subsection.1.2}% 7
\BOOKMARK [3][-]{subsubsection.1.2.5}{5. Simuliertes bewegtes Messer}{subsection.1.2}% 8
\BOOKMARK [3][-]{subsubsection.1.2.6}{6. Simuliertes Messer + Zufall}{subsection.1.2}% 9
\BOOKMARK [3][-]{subsubsection.1.2.7}{7. Divide \046 Conquer}{subsection.1.2}% 10
\BOOKMARK [3][-]{subsubsection.1.2.8}{8. Divde \046 Conquer + Zufall}{subsection.1.2}% 11
\BOOKMARK [1][-]{section.2}{Einf\374hrung Teil 2 \(Vorlesung 2 am 20.10.\)}{}% 12
\BOOKMARK [2][-]{subsection.2.1}{Ziele der Vorlesung}{section.2}% 13
\BOOKMARK [2][-]{subsection.2.2}{Rechnermodelle}{section.2}% 14
\BOOKMARK [3][-]{subsubsection.2.2.1}{Turing-Maschine}{subsection.2.2}% 15
\BOOKMARK [3][-]{subsubsection.2.2.2}{Registermaschine \(RAM - random access machine\)}{subsection.2.2}% 16
\BOOKMARK [3][-]{subsubsection.2.2.3}{Berechnung der Laufzeit}{subsection.2.2}% 17
\BOOKMARK [2][-]{subsection.2.3}{Laufzeit eines Algorithmus}{section.2}% 18
\BOOKMARK [1][-]{section.3}{Rechnermodelle \(Fortsetzung\) \(Vorlesung 3 am 24.10.\)}{}% 19
\BOOKMARK [2][-]{subsection.3.1}{Warum nicht die Turingmaschine?}{section.3}% 20
\BOOKMARK [2][-]{subsection.3.2}{Elementare Operationen}{section.3}% 21
\BOOKMARK [2][-]{subsection.3.3}{Teile und Herrsche}{section.3}% 22
\BOOKMARK [3][-]{subsubsection.3.3.1}{Beispiel A: Quicksort}{subsection.3.3}% 23
\BOOKMARK [3][-]{subsubsection.3.3.2}{Beispiel B: Mergesort \(Sortieren durch Verschmelzen\)}{subsection.3.3}% 24
\BOOKMARK [3][-]{subsubsection.3.3.3}{Analysem\366glichkeiten}{subsection.3.3}% 25
